Arguments: 
  C:\Program Files\nodejs\node.exe C:\Program Files (x86)\Yarn\bin\yarn.js add @mui/material @emotion/react @emotion/styled

PATH: 
  C:\Python39\Scripts\;C:\Python39\;C:\Program Files (x86)\Common Files\Oracle\Java\javapath;C:\Python27\;C:\Python27\Scripts;C:\Windows\system32;C:\Windows;C:\Windows\System32\Wbem;C:\Windows\System32\WindowsPowerShell\v1.0\;C:\Windows\System32\OpenSSH\;C:\Program Files (x86)\NVIDIA Corporation\PhysX\Common;C:\Program Files\Intel\WiFi\bin\;C:\Program Files\Common Files\Intel\WirelessCommon\;C:\ProgramData\chocolatey\bin;C:\Program Files\Microsoft SQL Server\130\Tools\Binn\;C:\WINDOWS\system32;C:\WINDOWS;C:\WINDOWS\System32\Wbem;C:\WINDOWS\System32\WindowsPowerShell\v1.0\;C:\WINDOWS\System32\OpenSSH\;C:\Program Files\PuTTY\;C:\Program Files\dotnet\;C:\Program Files\nodejs\;C:\Program Files\Git\cmd;C:\Program Files (x86)\Yarn\bin\;C:\Users\Adrian\AppData\Roaming\TinyTeX\bin\win32;C:\Users\Adrian\AppData\Local\Microsoft\WindowsApps;C:\Users\Adrian\.dotnet\tools;C:\Users\Adrian\AppData\Local\Microsoft\WindowsApps;C:\Users\Adrian\AppData\Local\Programs\MiKTeX\miktex\bin\x64\;C:\Program Files\Graphviz\bin;C:\Users\Adrian\AppData\Roaming\npm;C:\Users\Adrian\AppData\Local\Yarn\bin;C:\Users\Adrian\AppData\Local\Programs\Microsoft VS Code\bin

Yarn version: 
  1.22.19

Node version: 
  16.17.1

Platform: 
  win32 x64

Trace: 
  Error: EPERM: operation not permitted, unlink 'C:\Users\Adrian\Desktop\react projekty\course-shop\node_modules\node-sass\vendor\win32-x64-93\binding.node'

npm manifest: 
  {
    "name": "course-shop",
    "version": "1.0.0",
    "description": "Front app for tutorial store",
    "main": "index.js",
    "scripts": {
      "start": "webpack-dev-server --mode=development",
      "build": "webpack --mode=production"
    },
    "author": "Adrian Gzyl",
    "license": "MIT",
    "dependencies": {
      "axios": "^1.2.0",
      "bem-css-modules": "^1.4.3",
      "react": "^18.2.0",
      "react-dom": "^18.2.0",
      "react-router-dom": "^6.4.3"
    },
    "devDependencies": {
      "@babel/core": "^7.11.6",
      "@babel/preset-env": "^7.11.5",
      "@babel/preset-react": "^7.10.4",
      "babel-loader": "^8.1.0",
      "clean-webpack-plugin": "^3.0.0",
      "css-loader": "^4.3.0",
      "html-loader": "^1.3.0",
      "html-webpack-plugin": "^4.4.1",
      "mini-css-extract-plugin": "^0.11.1",
      "node-sass": "^8.0.0",
      "sass-loader": "^10.0.2",
      "style-loader": "^1.2.1",
      "webpack": "^4.44.1",
      "webpack-cli": "^3.3.12",
      "webpack-dev-server": "^3.11.0",
      "webpack-merge": "^5.1.4"
    }
  }

yarn manifest: 
  No manifest

Lockfile: 
  No lockfile
